c:\users\ugly2\source\repos\gamegraphicsprogramming\kengine\build\x64\debug\libraryd.pdb
c:\users\ugly2\source\repos\gamegraphicsprogramming\kengine\build\x64\debug\libraryd.idb
c:\users\ugly2\source\repos\gamegraphicsprogramming\kengine\source\library\x64\debug\game.obj
c:\users\ugly2\source\repos\gamegraphicsprogramming\kengine\source\library\x64\debug\common.h.ifc
c:\users\ugly2\source\repos\gamegraphicsprogramming\kengine\source\library\x64\debug\common.h.ifc.d.json
c:\users\ugly2\source\repos\gamegraphicsprogramming\kengine\source\library\x64\debug\common.h.obj
c:\users\ugly2\source\repos\gamegraphicsprogramming\kengine\build\x64\debug\libraryd.lib
c:\users\ugly2\source\repos\gamegraphicsprogramming\kengine\source\library\x64\debug\resource.res
c:\users\ugly2\source\repos\gamegraphicsprogramming\kengine\source\library\x64\debug\common.h.module.json
c:\users\ugly2\source\repos\gamegraphicsprogramming\kengine\source\library\x64\debug\library.tlog\cl.command.1.tlog
c:\users\ugly2\source\repos\gamegraphicsprogramming\kengine\source\library\x64\debug\library.tlog\cl.read.1.tlog
c:\users\ugly2\source\repos\gamegraphicsprogramming\kengine\source\library\x64\debug\library.tlog\cl.write.1.tlog
c:\users\ugly2\source\repos\gamegraphicsprogramming\kengine\source\library\x64\debug\library.tlog\lib-link-cvtres.read.1.tlog
c:\users\ugly2\source\repos\gamegraphicsprogramming\kengine\source\library\x64\debug\library.tlog\lib-link-cvtres.write.1.tlog
c:\users\ugly2\source\repos\gamegraphicsprogramming\kengine\source\library\x64\debug\library.tlog\lib.command.1.tlog
c:\users\ugly2\source\repos\gamegraphicsprogramming\kengine\source\library\x64\debug\library.tlog\rc.command.1.tlog
c:\users\ugly2\source\repos\gamegraphicsprogramming\kengine\source\library\x64\debug\library.tlog\rc.read.1.tlog
c:\users\ugly2\source\repos\gamegraphicsprogramming\kengine\source\library\x64\debug\library.tlog\rc.write.1.tlog
c:\users\ugly2\source\repos\gamegraphicsprogramming\kengine\source\library\x64\debug\library_md.tlog\cl.command.1.tlog
c:\users\ugly2\source\repos\gamegraphicsprogramming\kengine\source\library\x64\debug\library_md.tlog\microsoft.build.cpptasks.cl.read.1.tlog
c:\users\ugly2\source\repos\gamegraphicsprogramming\kengine\source\library\x64\debug\library_md.tlog\microsoft.build.cpptasks.cl.write.1.tlog
